

Version:	3.50
CmdLine:	C:\Users\HP\Desktop\Calculadora 2.0\Calcualdora.exe --l4j-debug
JNI:		No
WOW64:		Yes
Working dir:	C:\Users\HP\Desktop\Calculadora 2.0\.
Requires JDK:	No
Requires 64-Bit: No
Java min ver:	1.008.000
Java max ver:	
Substitute:	JAVA_HOME = 
Substitute:	PATH = C:\ProgramData\Oracle\Java\javapath;C:\Program Files (x86)\Common Files\Oracle\Java\java8path;C:\Program Files (x86)\Common Files\Oracle\Java\javapath;C:\Windows\system32;C:\Windows;C:\Windows\System32\Wbem;C:\Windows\System32\WindowsPowerShell\v1.0\;C:\Windows\System32\OpenSSH\;C:\Program Files (x86)\Java\jdk-1.8\bin;C:\Users\HP\AppData\Local\Microsoft\WindowsApps;C:\Program Files (x86)\Java\jdk-1.8\bin;C:\Users\HP\AppData\Local\Programs\Microsoft VS Code\bin;C:\Program Files (x86)\Java\jdk-1.8\bin
JRE paths:	;C:\ProgramData\Oracle\Java\javapath;C:\Program Files (x86)\Common Files\Oracle\Java\java8path;C:\Program Files (x86)\Common Files\Oracle\Java\javapath;C:\Windows\system32;C:\Windows;C:\Windows\System32\Wbem;C:\Windows\System32\WindowsPowerShell\v1.0\;C:\Windows\System32\OpenSSH\;C:\Program Files (x86)\Java\jdk-1.8\bin;C:\Users\HP\AppData\Local\Microsoft\WindowsApps;C:\Program Files (x86)\Java\jdk-1.8\bin;C:\Users\HP\AppData\Local\Programs\Microsoft VS Code\bin;C:\Program Files (x86)\Java\jdk-1.8\bin
Check launcher:	C:\ProgramData\Oracle\Java\javapath\bin\javaw.exe (not found)
Check launcher:	C:\Program Files (x86)\Common Files\Oracle\Java\java8path\bin\javaw.exe (not found)
Check launcher:	C:\Program Files (x86)\Common Files\Oracle\Java\javapath\bin\javaw.exe (not found)
Check launcher:	C:\Windows\system32\bin\javaw.exe (not found)
Check launcher:	C:\Windows\bin\javaw.exe (not found)
Check launcher:	C:\Windows\System32\Wbem\bin\javaw.exe (not found)
Check launcher:	C:\Windows\System32\WindowsPowerShell\v1.0\bin\javaw.exe (not found)
Check launcher:	C:\Windows\System32\OpenSSH\bin\javaw.exe (not found)
Check launcher:	C:\Program Files (x86)\Java\jdk-1.8\bin\javaw.exe (OK)
Version string: 1.008.000_421 / 32-Bit (OK)
Launcher:	C:\Program Files (x86)\Java\jdk-1.8\bin\javaw.exe
Launcher args:	-jar "C:\Users\HP\Desktop\Calculadora 2.0\Calcualdora.exe"
Args length:	58/32768 chars
Exit code:	0